<?xml version="1.0" encoding="UTF-8"?>
<!-- Generated by org.testng.reporters.JUnitXMLReporter -->
<testsuite ignored="2" hostname="DESKTOP-JPO1NOA" failures="0" tests="1" name="Surefire test" time="0.068" errors="0" timestamp="2024-11-16T10:51:58 PST">
  <testcase classname="com.app.base.BaseTest" name="@BeforeSuite startServer" time="22.699">
    <failure type="io.appium.java_client.service.local.AppiumServerHasNotBeenStartedLocallyException" message="Appium HTTP server is not listening at http://127.0.0.1:4273/ after 20000 ms timeout. Consider increasing the server startup timeout value and check the server log for possible error messages occurrences.
Node.js executable path: C:\Program Files\nodejs\node.exe
Arguments: [C:\Users\shiva\AppData\Roaming\npm\node_modules\appium\lib\main.js, --port, 4273, --address, 127.0.0.1]
Server log: node:internal/modules/esm/resolve:257
    throw new ERR_MODULE_NOT_FOUND(
          ^

Error [ERR_MODULE_NOT_FOUND]: Cannot find module &amp;apos;C:\Users\shiva\AppData\Roaming\npm\node_modules\appium\lib\logsink&amp;apos; imported from C:\Users\shiva\AppData\Roaming\npm\node_modules\appium\lib\main.js
    at finalizeResolution (node:internal/modules/esm/resolve:257:11)
    at moduleResolve (node:internal/modules/esm/resolve:913:10)
    at defaultResolve (node:internal/modules/esm/resolve:1037:11)
    at ModuleLoader.defaultResolve (node:internal/modules/esm/loader:650:12)
    at #cachedDefaultResolve (node:internal/modules/esm/loader:599:25)
    at ModuleLoader.resolve (node:internal/modules/esm/loader:582:38)
    at ModuleLoader.getModuleJobForImport (node:internal/modules/esm/loader:241:38)
    at ModuleJob._link (node:internal/modules/esm/module_job:132:49) {
  code: &amp;apos;ERR_MODULE_NOT_FOUND&amp;apos;,
  url: &amp;apos;file:///C:/Users/shiva/AppData/Roaming/npm/node_modules/appium/lib/logsink&amp;apos;
}

Node.js v22.11.0
">
      <![CDATA[io.appium.java_client.service.local.AppiumServerHasNotBeenStartedLocallyException: Appium HTTP server is not listening at http://127.0.0.1:4273/ after 20000 ms timeout. Consider increasing the server startup timeout value and check the server log for possible error messages occurrences.
Node.js executable path: C:\Program Files\nodejs\node.exe
Arguments: [C:\Users\shiva\AppData\Roaming\npm\node_modules\appium\lib\main.js, --port, 4273, --address, 127.0.0.1]
Server log: node:internal/modules/esm/resolve:257
    throw new ERR_MODULE_NOT_FOUND(
          ^

Error [ERR_MODULE_NOT_FOUND]: Cannot find module 'C:\Users\shiva\AppData\Roaming\npm\node_modules\appium\lib\logsink' imported from C:\Users\shiva\AppData\Roaming\npm\node_modules\appium\lib\main.js
    at finalizeResolution (node:internal/modules/esm/resolve:257:11)
    at moduleResolve (node:internal/modules/esm/resolve:913:10)
    at defaultResolve (node:internal/modules/esm/resolve:1037:11)
    at ModuleLoader.defaultResolve (node:internal/modules/esm/loader:650:12)
    at #cachedDefaultResolve (node:internal/modules/esm/loader:599:25)
    at ModuleLoader.resolve (node:internal/modules/esm/loader:582:38)
    at ModuleLoader.getModuleJobForImport (node:internal/modules/esm/loader:241:38)
    at ModuleJob._link (node:internal/modules/esm/module_job:132:49) {
  code: 'ERR_MODULE_NOT_FOUND',
  url: 'file:///C:/Users/shiva/AppData/Roaming/npm/node_modules/appium/lib/logsink'
}

Node.js v22.11.0

at io.appium.java_client.service.local.AppiumDriverLocalService.start(AppiumDriverLocalService.java:192)
at com.app.base.BaseTest.startServer(BaseTest.java:34)
Caused by: io.appium.java_client.service.local.AppiumServerAvailabilityChecker$ConnectionTimeout: ConnectionTimeout
at io.appium.java_client.service.local.AppiumServerAvailabilityChecker.waitUntilAvailable(AppiumServerAvailabilityChecker.java:72)
at io.appium.java_client.service.local.AppiumDriverLocalService.ping(AppiumDriverLocalService.java:144)
at io.appium.java_client.service.local.AppiumDriverLocalService.start(AppiumDriverLocalService.java:185)
... 25 more
Caused by: java.net.ConnectException: Connection refused: no further information
at java.base/sun.nio.ch.Net.pollConnect(Native Method)
at java.base/sun.nio.ch.Net.pollConnectNow(Net.java:672)
at java.base/sun.nio.ch.NioSocketImpl.timedFinishConnect(NioSocketImpl.java:547)
at java.base/sun.nio.ch.NioSocketImpl.connect(NioSocketImpl.java:602)
at java.base/java.net.Socket.connect(Socket.java:633)
at java.base/sun.net.NetworkClient.doConnect(NetworkClient.java:178)
at java.base/sun.net.www.http.HttpClient.openServer(HttpClient.java:534)
at java.base/sun.net.www.http.HttpClient.openServer(HttpClient.java:639)
at java.base/sun.net.www.http.HttpClient.<init>(HttpClient.java:282)
at java.base/sun.net.www.http.HttpClient.New(HttpClient.java:387)
at java.base/sun.net.www.http.HttpClient.New(HttpClient.java:409)
at java.base/sun.net.www.protocol.http.HttpURLConnection.getNewHttpClient(HttpURLConnection.java:1308)
at java.base/sun.net.www.protocol.http.HttpURLConnection.plainConnect0(HttpURLConnection.java:1241)
at java.base/sun.net.www.protocol.http.HttpURLConnection.plainConnect(HttpURLConnection.java:1127)
at java.base/sun.net.www.protocol.http.HttpURLConnection.connect(HttpURLConnection.java:1056)
at io.appium.java_client.service.local.AppiumServerAvailabilityChecker.connectToUrl(AppiumServerAvailabilityChecker.java:79)
at io.appium.java_client.service.local.AppiumServerAvailabilityChecker.waitUntilAvailable(AppiumServerAvailabilityChecker.java:61)
... 27 more
... Removed 24 stack frames]]>
    </failure>
  </testcase> <!-- @BeforeSuite startServer -->
  <testcase classname="com.app.testcases.HomeTest" name="test_installAndLaunchOfApp" time="0.001">
    <skipped/>
  </testcase> <!-- test_installAndLaunchOfApp -->
  <testcase classname="com.app.base.BaseTest" name="@AfterSuite stopServer" time="0.0">
    <ignored/>
  </testcase> <!-- @AfterSuite stopServer -->
  <testcase classname="com.app.base.BaseTest" name="@BeforeSuite startServer" time="0.0">
    <ignored/>
  </testcase> <!-- @BeforeSuite startServer -->
</testsuite> <!-- Surefire test -->
