<?xml version="1.0" encoding="UTF-8"?>
<testsuite xmlns:xsi="http://www.w3.org/2001/XMLSchema-instance" xsi:noNamespaceSchemaLocation="https://maven.apache.org/surefire/maven-surefire-plugin/xsd/surefire-test-report-3.0.xsd" version="3.0" name="TestSuite" time="24.486" tests="3" errors="0" skipped="2" failures="1">
  <properties>
[...]
</properties>
  <testcase name="startServer" classname="com.app.base.BaseTest" time="23.99">
    <failure message="Appium HTTP server is not listening at http://127.0.0.1:4273/ after 20000 ms timeout. Consider increasing the server startup timeout value and check the server log for possible error messages occurrences.&#10;Node.js executable path: C:\Program Files\nodejs\node.exe&#10;Arguments: [C:\Users\shiva\AppData\Roaming\npm\node_modules\appium\lib\main.js, --port, 4273, --address, 127.0.0.1]&#10;Server log: node:internal/modules/esm/resolve:257&#10;    throw new ERR_MODULE_NOT_FOUND(&#10;          ^&#10;&#10;Error [ERR_MODULE_NOT_FOUND]: Cannot find module &apos;C:\Users\shiva\AppData\Roaming\npm\node_modules\appium\lib\logsink&apos; imported from C:\Users\shiva\AppData\Roaming\npm\node_modules\appium\lib\main.js&#10;    at finalizeResolution (node:internal/modules/esm/resolve:257:11)&#10;    at moduleResolve (node:internal/modules/esm/resolve:913:10)&#10;    at defaultResolve (node:internal/modules/esm/resolve:1037:11)&#10;    at ModuleLoader.defaultResolve (node:internal/modules/esm/loader:650:12)&#10;    at #cachedDefaultResolve (node:internal/modules/esm/loader:599:25)&#10;    at ModuleLoader.resolve (node:internal/modules/esm/loader:582:38)&#10;    at ModuleLoader.getModuleJobForImport (node:internal/modules/esm/loader:241:38)&#10;    at ModuleJob._link (node:internal/modules/esm/module_job:132:49) {&#10;  code: &apos;ERR_MODULE_NOT_FOUND&apos;,&#10;  url: &apos;file:///C:/Users/shiva/AppData/Roaming/npm/node_modules/appium/lib/logsink&apos;&#10;}&#10;&#10;Node.js v22.11.0&#10;" type="io.appium.java_client.service.local.AppiumServerHasNotBeenStartedLocallyException"><![CDATA[io.appium.java_client.service.local.AppiumServerHasNotBeenStartedLocallyException: 
Appium HTTP server is not listening at http://127.0.0.1:4273/ after 20000 ms timeout. Consider increasing the server startup timeout value and check the server log for possible error messages occurrences.
Node.js executable path: C:\Program Files\nodejs\node.exe
Arguments: [C:\Users\shiva\AppData\Roaming\npm\node_modules\appium\lib\main.js, --port, 4273, --address, 127.0.0.1]
Server log: node:internal/modules/esm/resolve:257
    throw new ERR_MODULE_NOT_FOUND(
          ^

Error [ERR_MODULE_NOT_FOUND]: Cannot find module 'C:\Users\shiva\AppData\Roaming\npm\node_modules\appium\lib\logsink' imported from C:\Users\shiva\AppData\Roaming\npm\node_modules\appium\lib\main.js
    at finalizeResolution (node:internal/modules/esm/resolve:257:11)
    at moduleResolve (node:internal/modules/esm/resolve:913:10)
    at defaultResolve (node:internal/modules/esm/resolve:1037:11)
    at ModuleLoader.defaultResolve (node:internal/modules/esm/loader:650:12)
    at #cachedDefaultResolve (node:internal/modules/esm/loader:599:25)
    at ModuleLoader.resolve (node:internal/modules/esm/loader:582:38)
    at ModuleLoader.getModuleJobForImport (node:internal/modules/esm/loader:241:38)
    at ModuleJob._link (node:internal/modules/esm/module_job:132:49) {
  code: 'ERR_MODULE_NOT_FOUND',
  url: 'file:///C:/Users/shiva/AppData/Roaming/npm/node_modules/appium/lib/logsink'
}

Node.js v22.11.0

	at io.appium.java_client.service.local.AppiumDriverLocalService.start(AppiumDriverLocalService.java:192)
	at com.app.base.BaseTest.startServer(BaseTest.java:34)
	at java.base/jdk.internal.reflect.NativeMethodAccessorImpl.invoke0(Native Method)
	at java.base/jdk.internal.reflect.NativeMethodAccessorImpl.invoke(NativeMethodAccessorImpl.java:77)
	at java.base/jdk.internal.reflect.DelegatingMethodAccessorImpl.invoke(DelegatingMethodAccessorImpl.java:43)
	at java.base/java.lang.reflect.Method.invoke(Method.java:568)
	at org.testng.internal.invokers.MethodInvocationHelper.invokeMethod(MethodInvocationHelper.java:139)
	at org.testng.internal.invokers.MethodInvocationHelper.invokeMethodConsideringTimeout(MethodInvocationHelper.java:69)
	at org.testng.internal.invokers.ConfigInvoker.invokeConfigurationMethod(ConfigInvoker.java:390)
	at org.testng.internal.invokers.ConfigInvoker.invokeConfigurations(ConfigInvoker.java:325)
	at org.testng.SuiteRunner.privateRun(SuiteRunner.java:382)
	at org.testng.SuiteRunner.run(SuiteRunner.java:336)
	at org.testng.SuiteRunnerWorker.runSuite(SuiteRunnerWorker.java:52)
	at org.testng.SuiteRunnerWorker.run(SuiteRunnerWorker.java:95)
	at org.testng.TestNG.runSuitesSequentially(TestNG.java:1280)
	at org.testng.TestNG.runSuitesLocally(TestNG.java:1200)
	at org.testng.TestNG.runSuites(TestNG.java:1114)
	at org.testng.TestNG.run(TestNG.java:1082)
	at org.apache.maven.surefire.testng.TestNGExecutor.run(TestNGExecutor.java:155)
	at org.apache.maven.surefire.testng.TestNGDirectoryTestSuite.executeMulti(TestNGDirectoryTestSuite.java:169)
	at org.apache.maven.surefire.testng.TestNGDirectoryTestSuite.execute(TestNGDirectoryTestSuite.java:88)
	at org.apache.maven.surefire.testng.TestNGProvider.invoke(TestNGProvider.java:137)
	at org.apache.maven.surefire.booter.ForkedBooter.runSuitesInProcess(ForkedBooter.java:385)
	at org.apache.maven.surefire.booter.ForkedBooter.execute(ForkedBooter.java:162)
	at org.apache.maven.surefire.booter.ForkedBooter.run(ForkedBooter.java:507)
	at org.apache.maven.surefire.booter.ForkedBooter.main(ForkedBooter.java:495)
Caused by: io.appium.java_client.service.local.AppiumServerAvailabilityChecker$ConnectionTimeout: ConnectionTimeout
	at io.appium.java_client.service.local.AppiumServerAvailabilityChecker.waitUntilAvailable(AppiumServerAvailabilityChecker.java:72)
	at io.appium.java_client.service.local.AppiumDriverLocalService.ping(AppiumDriverLocalService.java:144)
	at io.appium.java_client.service.local.AppiumDriverLocalService.start(AppiumDriverLocalService.java:185)
	... 25 more
Caused by: java.net.ConnectException: Connection refused: no further information
	at java.base/sun.nio.ch.Net.pollConnect(Native Method)
	at java.base/sun.nio.ch.Net.pollConnectNow(Net.java:672)
	at java.base/sun.nio.ch.NioSocketImpl.timedFinishConnect(NioSocketImpl.java:547)
	at java.base/sun.nio.ch.NioSocketImpl.connect(NioSocketImpl.java:602)
	at java.base/java.net.Socket.connect(Socket.java:633)
	at java.base/sun.net.NetworkClient.doConnect(NetworkClient.java:178)
	at java.base/sun.net.www.http.HttpClient.openServer(HttpClient.java:534)
	at java.base/sun.net.www.http.HttpClient.openServer(HttpClient.java:639)
	at java.base/sun.net.www.http.HttpClient.<init>(HttpClient.java:282)
	at java.base/sun.net.www.http.HttpClient.New(HttpClient.java:387)
	at java.base/sun.net.www.http.HttpClient.New(HttpClient.java:409)
	at java.base/sun.net.www.protocol.http.HttpURLConnection.getNewHttpClient(HttpURLConnection.java:1308)
	at java.base/sun.net.www.protocol.http.HttpURLConnection.plainConnect0(HttpURLConnection.java:1241)
	at java.base/sun.net.www.protocol.http.HttpURLConnection.plainConnect(HttpURLConnection.java:1127)
	at java.base/sun.net.www.protocol.http.HttpURLConnection.connect(HttpURLConnection.java:1056)
	at io.appium.java_client.service.local.AppiumServerAvailabilityChecker.connectToUrl(AppiumServerAvailabilityChecker.java:79)
	at io.appium.java_client.service.local.AppiumServerAvailabilityChecker.waitUntilAvailable(AppiumServerAvailabilityChecker.java:61)
	... 27 more
]]></failure>
    <system-out><![CDATA[node:internal/modules/esm/resolve:257
    throw new ERR_MODULE_NOT_FOUND(
          ^

Error [ERR_MODULE_NOT_FOUND]: Cannot find module 'C:\Users\shiva\AppData\Roaming\npm\node_modules\appium\lib\logsink' imported from C:\Users\shiva\AppData\Roaming\npm\node_modules\appium\lib\main.js
    at finalizeResolution (node:internal/modules/esm/resolve:257:11)
    at moduleResolve (node:internal/modules/esm/resolve:913:10)
    at defaultResolve (node:internal/modules/esm/resolve:1037:11)
    at ModuleLoader.defaultResolve (node:internal/modules/esm/loader:650:12)
    at #cachedDefaultResolve (node:internal/modules/esm/loader:599:25)
    at ModuleLoader.resolve (node:internal/modules/esm/loader:582:38)
    at ModuleLoader.getModuleJobForImport (node:internal/modules/esm/loader:241:38)
    at ModuleJob._link (node:internal/modules/esm/module_job:132:49) {
  code: 'ERR_MODULE_NOT_FOUND',
  url: 'file:///C:/Users/shiva/AppData/Roaming/npm/node_modules/appium/lib/logsink'
}

Node.js v22.11.0
]]></system-out>
    <system-err><![CDATA[SLF4J(W): No SLF4J providers were found.
SLF4J(W): Defaulting to no-operation (NOP) logger implementation
SLF4J(W): See https://www.slf4j.org/codes.html#noProviders for further details.
]]></system-err>
  </testcase>
  <testcase name="stopServer" classname="com.app.base.BaseTest" time="0.0">
    <skipped/>
  </testcase>
  <testcase name="test_installAndLaunchOfApp" classname="com.app.testcases.HomeTest" time="0.0">
    <skipped message="Appium HTTP server is not listening at http://127.0.0.1:4273/ after 20000 ms timeout. Consider increasing the server startup timeout value and check the server log for possible error messages occurrences.&#10;Node.js executable path: C:\Program Files\nodejs\node.exe&#10;Arguments: [C:\Users\shiva\AppData\Roaming\npm\node_modules\appium\lib\main.js, --port, 4273, --address, 127.0.0.1]&#10;Server log: node:internal/modules/esm/resolve:257&#10;    throw new ERR_MODULE_NOT_FOUND(&#10;          ^&#10;&#10;Error [ERR_MODULE_NOT_FOUND]: Cannot find module &apos;C:\Users\shiva\AppData\Roaming\npm\node_modules\appium\lib\logsink&apos; imported from C:\Users\shiva\AppData\Roaming\npm\node_modules\appium\lib\main.js&#10;    at finalizeResolution (node:internal/modules/esm/resolve:257:11)&#10;    at moduleResolve (node:internal/modules/esm/resolve:913:10)&#10;    at defaultResolve (node:internal/modules/esm/resolve:1037:11)&#10;    at ModuleLoader.defaultResolve (node:internal/modules/esm/loader:650:12)&#10;    at #cachedDefaultResolve (node:internal/modules/esm/loader:599:25)&#10;    at ModuleLoader.resolve (node:internal/modules/esm/loader:582:38)&#10;    at ModuleLoader.getModuleJobForImport (node:internal/modules/esm/loader:241:38)&#10;    at ModuleJob._link (node:internal/modules/esm/module_job:132:49) {&#10;  code: &apos;ERR_MODULE_NOT_FOUND&apos;,&#10;  url: &apos;file:///C:/Users/shiva/AppData/Roaming/npm/node_modules/appium/lib/logsink&apos;&#10;}&#10;&#10;Node.js v22.11.0&#10;"/>
  </testcase>
</testsuite>